c:\users\מעיין בוארון\documents\visual studio 2015\projects\kmeans_maayan\kmeans_maayan\debug\vc140.pdb
c:\users\מעיין בוארון\documents\visual studio 2015\projects\kmeans_maayan\kmeans_maayan\debug\vc140.idb
c:\users\מעיין בוארון\documents\visual studio 2015\projects\kmeans_maayan\kmeans_maayan\debug\filehandler.obj
c:\users\מעיין בוארון\documents\visual studio 2015\projects\kmeans_maayan\kmeans_maayan\debug\main.obj
c:\users\מעיין בוארון\documents\visual studio 2015\projects\kmeans_maayan\kmeans_maayan\debug\mpiutils.obj
c:\users\מעיין בוארון\documents\visual studio 2015\projects\kmeans_maayan\kmeans_maayan\debug\parallelmain.obj
c:\users\מעיין בוארון\documents\visual studio 2015\projects\kmeans_maayan\kmeans_maayan\debug\utils.obj
c:\users\מעיין בוארון\documents\visual studio 2015\projects\kmeans_maayan\kmeans_maayan\debug\kernel.cu.cache
c:\users\מעיין בוארון\documents\visual studio 2015\projects\kmeans_maayan\kmeans_maayan\debug\kernel.cu.obj
c:\users\מעיין בוארון\documents\visual studio 2015\projects\kmeans_maayan\debug\kmeans_maayan.pdb
c:\users\מעיין בוארון\documents\visual studio 2015\projects\kmeans_maayan\kmeans_maayan\debug\kmeans_maayan.tlog\cl.command.1.tlog
c:\users\מעיין בוארון\documents\visual studio 2015\projects\kmeans_maayan\kmeans_maayan\debug\kmeans_maayan.tlog\cl.read.1.tlog
c:\users\מעיין בוארון\documents\visual studio 2015\projects\kmeans_maayan\kmeans_maayan\debug\kmeans_maayan.tlog\cl.write.1.tlog
c:\users\מעיין בוארון\documents\visual studio 2015\projects\kmeans_maayan\kmeans_maayan\debug\kmeans_maayan.tlog\link-cvtres.read.1.tlog
c:\users\מעיין בוארון\documents\visual studio 2015\projects\kmeans_maayan\kmeans_maayan\debug\kmeans_maayan.tlog\link-cvtres.write.1.tlog
c:\users\מעיין בוארון\documents\visual studio 2015\projects\kmeans_maayan\kmeans_maayan\debug\kmeans_maayan.tlog\link-rc.read.1.tlog
c:\users\מעיין בוארון\documents\visual studio 2015\projects\kmeans_maayan\kmeans_maayan\debug\kmeans_maayan.tlog\link-rc.write.1.tlog
c:\users\מעיין בוארון\documents\visual studio 2015\projects\kmeans_maayan\kmeans_maayan\debug\kmeans_maayan.tlog\link.command.1.tlog
c:\users\מעיין בוארון\documents\visual studio 2015\projects\kmeans_maayan\kmeans_maayan\debug\kmeans_maayan.tlog\link.read.1.tlog
c:\users\מעיין בוארון\documents\visual studio 2015\projects\kmeans_maayan\kmeans_maayan\debug\kmeans_maayan.tlog\link.write.1.tlog
